Using pre-set license
Built from '2020.2/release' branch; Version is '2020.2.2f1 (068178b99f32) revision 426360'; Using compiler version '192528614'; Build Type 'Release'
OS: 'Windows 10 Enterprise; OS build 18363.1556; Version 1909; 64bit' Language: 'en' Physical Memory: 32601 MB
BatchMode: 1, IsHumanControllingUs: 0, StartBugReporterOnCrash: 0, Is64bit: 1, IsPro: 0

 COMMAND LINE ARGUMENTS:
C:\Program Files\Unity\Editor\Unity.exe
-adb2
-batchMode
-noUpm
-name
AssetImportWorker0
-projectPath
C:/Users/jackson.king/Downloads/SteamVR Learning
-logFile
Logs/AssetImportWorker0.log
-srvPort
57153
Successfully changed project path to: C:/Users/jackson.king/Downloads/SteamVR Learning
C:/Users/jackson.king/Downloads/SteamVR Learning
Using Asset Import Pipeline V2.
Refreshing native plugins compatible for Editor in 29.92 ms, found 3 plugins.
Preloading 1 native plugins for Editor in 0.64 ms.
Initialize engine version: 2020.2.2f1 (068178b99f32)
[Subsystems] Discovering subsystems at path C:/Program Files/Unity/Editor/Data/Resources/UnitySubsystems
[Subsystems] Discovering subsystems at path C:/Users/jackson.king/Downloads/SteamVR Learning/Assets
GfxDevice: creating device client; threaded=0
Direct3D:
    Version:  Direct3D 11.0 [level 11.1]
    Renderer: NVIDIA GeForce RTX 2060 (ID=0x1f08)
    Vendor:   
    VRAM:     5980 MB
    Driver:   27.21.14.6192
Initialize mono
Mono path[0] = 'C:/Program Files/Unity/Editor/Data/Managed'
Mono path[1] = 'C:/Program Files/Unity/Editor/Data/MonoBleedingEdge/lib/mono/unityjit'
Mono config path = 'C:/Program Files/Unity/Editor/Data/MonoBleedingEdge/etc'
Using monoOptions --debugger-agent=transport=dt_socket,embedding=1,server=y,suspend=n,address=127.0.0.1:56108
Begin MonoManager ReloadAssembly
Registering precompiled unity dll's ...
Register platform support module: C:/Program Files/Unity/Editor/Data/PlaybackEngines/WindowsStandaloneSupport/UnityEditor.WindowsStandalone.Extensions.dll
Registered in 0.001019 seconds.
Native extension for WindowsStandalone target not found
Refreshing native plugins compatible for Editor in 25.94 ms, found 3 plugins.
Preloading 1 native plugins for Editor in 0.06 ms.
Invoked RoslynAnalysisRunner static constructor.
RoslynAnalysisRunner will not be running.
RoslynAnalysisRunner has terminated.
Mono: successfully reloaded assembly
- Completed reload, in  0.727 seconds
Platform modules already initialized, skipping
Registering precompiled user dll's ...
Registered in 0.001610 seconds.
Begin MonoManager ReloadAssembly
Native extension for WindowsStandalone target not found
Refreshing native plugins compatible for Editor in 0.35 ms, found 3 plugins.
Preloading 1 native plugins for Editor in 0.06 ms.
Invoked RoslynAnalysisRunner static constructor.
RoslynAnalysisRunner will not be running.
RoslynAnalysisRunner has terminated.
[XR] OculusXRPlugin: registering subsystems
[XR] Unable to register display lifecyle provider: [1]
[XR] Oculus Input lifecycle provider registered.
[XR] Unable to register input lifecyle provider: [1]
NullReferenceException: Object reference not set to an instance of an object
  at Unity.XR.Oculus.OculusLoader.AssetPathToAbsolutePath (System.String assetPath) [0x00048] in C:\Users\jackson.king\Downloads\SteamVR Learning\Library\PackageCache\com.unity.xr.oculus@1.6.1\Runtime\OculusLoader.cs:242 
  at Unity.XR.Oculus.OculusLoader.EditorLoadOVRPlugin () [0x0007b] in C:\Users\jackson.king\Downloads\SteamVR Learning\Library\PackageCache\com.unity.xr.oculus@1.6.1\Runtime\OculusLoader.cs:227 

(Filename: Library/PackageCache/com.unity.xr.oculus@1.6.1/Runtime/OculusLoader.cs Line: 242)

Mono: successfully reloaded assembly
- Completed reload, in  0.684 seconds
Platform modules already initialized, skipping
========================================================================
Worker process is ready to serve import requests
Launched and connected shader compiler UnityShaderCompiler.exe after 0.04 seconds
Refreshing native plugins compatible for Editor in 0.40 ms, found 3 plugins.
Preloading 1 native plugins for Editor in 0.07 ms.
Unloading 1409 Unused Serialized files (Serialized files now loaded: 0)
System memory in use before: 69.1 MB.
System memory in use after: 69.1 MB.

Unloading 12 unused Assets to reduce memory usage. Loaded Objects now: 1851.
Total: 1.699600 ms (FindLiveObjects: 0.145500 ms CreateObjectMapping: 0.049400 ms MarkObjects: 1.421100 ms  DeleteObjects: 0.082600 ms)

========================================================================
Received Import Request.
  path: Assets/sc1.unity
  artifactKey: Guid(07d80cfd233e83a49bfd4770f7660e38) Importer(815301076,1909f56bfc062723c751e8b465ee728b)
Start importing Assets/sc1.unity using Guid(07d80cfd233e83a49bfd4770f7660e38) Importer(815301076,1909f56bfc062723c751e8b465ee728b)  -> (artifact id: '7eae5b5118ad5e127800e4cbbcad210a') in 0.012542 seconds
  Import took 0.014661 seconds .

========================================================================
Received Import Request.
  Time since last request: 63.756307 seconds.
  path: Assets/SteamVR_Input
  artifactKey: Guid(d8d35993474cecb42b70fb29f2e33b17) Importer(815301076,1909f56bfc062723c751e8b465ee728b)
Start importing Assets/SteamVR_Input using Guid(d8d35993474cecb42b70fb29f2e33b17) Importer(815301076,1909f56bfc062723c751e8b465ee728b)  -> (artifact id: 'f17dc1cb1ac6da4b44d016bb13329094') in 0.006378 seconds
  Import took 0.008833 seconds .

========================================================================
Received Import Request.
  Time since last request: 1.174711 seconds.
  path: Assets/SteamVR_Input/SteamVR_Actions.asmdef
  artifactKey: Guid(4f867d5da92ac964985719cf59dccc77) Importer(815301076,1909f56bfc062723c751e8b465ee728b)
Start importing Assets/SteamVR_Input/SteamVR_Actions.asmdef using Guid(4f867d5da92ac964985719cf59dccc77) Importer(815301076,1909f56bfc062723c751e8b465ee728b)  -> (artifact id: '536607ac903959af9ca3024771ef1ee5') in 0.020731 seconds
  Import took 0.022906 seconds .

========================================================================
Received Import Request.
  Time since last request: 0.002605 seconds.
  path: Assets/SteamVR_Input/SteamVR_Actions.asmdef
  artifactKey: Guid(4f867d5da92ac964985719cf59dccc77) Importer(815301076,1909f56bfc062723c751e8b465ee728b)
Start importing Assets/SteamVR_Input/SteamVR_Actions.asmdef using Guid(4f867d5da92ac964985719cf59dccc77) Importer(815301076,1909f56bfc062723c751e8b465ee728b)  -> (artifact id: '536607ac903959af9ca3024771ef1ee5') in 0.001452 seconds
  Import took 0.003349 seconds .

========================================================================
Received Prepare
Registering precompiled user dll's ...
Registered in 0.001467 seconds.
Begin MonoManager ReloadAssembly
Native extension for WindowsStandalone target not found
Refreshing native plugins compatible for Editor in 0.34 ms, found 3 plugins.
Preloading 1 native plugins for Editor in 0.06 ms.
Invoked RoslynAnalysisRunner static constructor.
RoslynAnalysisRunner will not be running.
RoslynAnalysisRunner has terminated.
NullReferenceException: Object reference not set to an instance of an object
  at Unity.XR.Oculus.OculusLoader.AssetPathToAbsolutePath (System.String assetPath) [0x00048] in C:\Users\jackson.king\Downloads\SteamVR Learning\Library\PackageCache\com.unity.xr.oculus@1.6.1\Runtime\OculusLoader.cs:242 
  at Unity.XR.Oculus.OculusLoader.EditorLoadOVRPlugin () [0x0007b] in C:\Users\jackson.king\Downloads\SteamVR Learning\Library\PackageCache\com.unity.xr.oculus@1.6.1\Runtime\OculusLoader.cs:227 

(Filename: Library/PackageCache/com.unity.xr.oculus@1.6.1/Runtime/OculusLoader.cs Line: 242)

Mono: successfully reloaded assembly
- Completed reload, in  0.634 seconds
Platform modules already initialized, skipping
Refreshing native plugins compatible for Editor in 0.56 ms, found 3 plugins.
Preloading 1 native plugins for Editor in 0.09 ms.
Unloading 1379 Unused Serialized files (Serialized files now loaded: 0)
System memory in use before: 67.7 MB.
System memory in use after: 67.8 MB.

Unloading 7 unused Assets to reduce memory usage. Loaded Objects now: 1854.
Total: 1.489300 ms (FindLiveObjects: 0.118000 ms CreateObjectMapping: 0.034000 ms MarkObjects: 1.326000 ms  DeleteObjects: 0.010600 ms)

AssetImportWorkerClient::OnTransportError - code=2 error=End of file
